{"/home/jonahkagan/code/vxsuite/.claude/worktrees/coverage-flags/spikes/coverage-check-poc/corpus/fixtures/cdf_zlazy.ts": {"path":"/home/jonahkagan/code/vxsuite/.claude/worktrees/coverage-flags/spikes/coverage-check-poc/corpus/fixtures/cdf_zlazy.ts","statementMap":{"0":{"start":{"line":10,"column":2},"end":{"line":10,"column":null}},"1":{"start":{"line":13,"column":28},"end":{"line":15,"column":null}},"2":{"start":{"line":14,"column":53},"end":{"line":14,"column":null}},"3":{"start":{"line":19,"column":2},"end":{"line":19,"column":null}}},"fnMap":{"0":{"name":"lazyLike","decl":{"start":{"line":9,"column":9},"end":{"line":9,"column":21}},"loc":{"start":{"line":9,"column":58},"end":{"line":11,"column":null}}},"1":{"name":"(anonymous_1)","decl":{"start":{"line":14,"column":53},"end":{"line":14,"column":71}},"loc":{"start":{"line":14,"column":53},"end":{"line":14,"column":null}}},"2":{"name":"buildPersonSchema","decl":{"start":{"line":18,"column":9},"end":{"line":18,"column":42}},"loc":{"start":{"line":18,"column":42},"end":{"line":20,"column":null}}}},"branchMap":{},"s":{"0":1,"1":1,"2":0,"3":0},"f":{"0":1,"1":0,"2":0},"b":{}}
,"/home/jonahkagan/code/vxsuite/.claude/worktrees/coverage-flags/spikes/coverage-check-poc/corpus/fixtures/declaration_form.ts": {"path":"/home/jonahkagan/code/vxsuite/.claude/worktrees/coverage-flags/spikes/coverage-check-poc/corpus/fixtures/declaration_form.ts","statementMap":{"0":{"start":{"line":7,"column":21},"end":{"line":7,"column":null}},"1":{"start":{"line":8,"column":2},"end":{"line":8,"column":null}},"2":{"start":{"line":13,"column":10},"end":{"line":13,"column":null}},"3":{"start":{"line":16,"column":4},"end":{"line":16,"column":null}},"4":{"start":{"line":23,"column":4},"end":{"line":23,"column":null}},"5":{"start":{"line":27,"column":4},"end":{"line":27,"column":null}},"6":{"start":{"line":33,"column":2},"end":{"line":33,"column":null}},"7":{"start":{"line":33,"column":27},"end":{"line":33,"column":null}},"8":{"start":{"line":35,"column":9},"end":{"line":35,"column":null}}},"fnMap":{"0":{"name":"debugDump","decl":{"start":{"line":6,"column":16},"end":{"line":6,"column":26}},"loc":{"start":{"line":6,"column":50},"end":{"line":9,"column":null}}},"1":{"name":"(anonymous_1)","decl":{"start":{"line":15,"column":2},"end":{"line":15,"column":19}},"loc":{"start":{"line":15,"column":19},"end":{"line":17,"column":null}}},"2":{"name":"(anonymous_2)","decl":{"start":{"line":22,"column":2},"end":{"line":22,"column":21}},"loc":{"start":{"line":22,"column":21},"end":{"line":24,"column":null}}},"3":{"name":"(anonymous_3)","decl":{"start":{"line":26,"column":2},"end":{"line":26,"column":17}},"loc":{"start":{"line":26,"column":17},"end":{"line":28,"column":null}}},"4":{"name":"(anonymous_4)","decl":{"start":{"line":33,"column":2},"end":{"line":33,"column":27}},"loc":{"start":{"line":33,"column":27},"end":{"line":33,"column":null}}}},"branchMap":{},"s":{"0":0,"1":0,"2":0,"3":0,"4":0,"5":1,"6":1,"7":0,"8":1},"f":{"0":0,"1":0,"2":0,"3":1,"4":0},"b":{}}
,"/home/jonahkagan/code/vxsuite/.claude/worktrees/coverage-flags/spikes/coverage-check-poc/corpus/fixtures/else_form.ts": {"path":"/home/jonahkagan/code/vxsuite/.claude/worktrees/coverage-flags/spikes/coverage-check-poc/corpus/fixtures/else_form.ts","statementMap":{"0":{"start":{"line":6,"column":12},"end":{"line":6,"column":null}},"1":{"start":{"line":8,"column":2},"end":{"line":10,"column":null}},"2":{"start":{"line":9,"column":4},"end":{"line":9,"column":null}},"3":{"start":{"line":11,"column":2},"end":{"line":11,"column":null}},"4":{"start":{"line":15,"column":14},"end":{"line":15,"column":null}},"5":{"start":{"line":16,"column":2},"end":{"line":18,"column":null}},"6":{"start":{"line":17,"column":4},"end":{"line":17,"column":null}},"7":{"start":{"line":19,"column":2},"end":{"line":19,"column":null}}},"fnMap":{"0":{"name":"appendIfVerbose","decl":{"start":{"line":5,"column":16},"end":{"line":5,"column":32}},"loc":{"start":{"line":5,"column":75},"end":{"line":12,"column":null}}},"1":{"name":"orDefault","decl":{"start":{"line":14,"column":16},"end":{"line":14,"column":26}},"loc":{"start":{"line":14,"column":49},"end":{"line":20,"column":null}}}},"branchMap":{"0":{"loc":{"start":{"line":8,"column":2},"end":{"line":10,"column":null}},"type":"if","locations":[{"start":{"line":8,"column":2},"end":{"line":10,"column":null}},{"start":{},"end":{}}]},"1":{"loc":{"start":{"line":16,"column":2},"end":{"line":18,"column":null}},"type":"if","locations":[{"start":{"line":16,"column":2},"end":{"line":18,"column":null}},{"start":{},"end":{}}]}},"s":{"0":1,"1":1,"2":1,"3":1,"4":1,"5":1,"6":1,"7":1},"f":{"0":1,"1":1},"b":{"0":[1,0],"1":[1,0]}}
,"/home/jonahkagan/code/vxsuite/.claude/worktrees/coverage-flags/spikes/coverage-check-poc/corpus/fixtures/expression_args.ts": {"path":"/home/jonahkagan/code/vxsuite/.claude/worktrees/coverage-flags/spikes/coverage-check-poc/corpus/fixtures/expression_args.ts","statementMap":{"0":{"start":{"line":9,"column":2},"end":{"line":9,"column":null}},"1":{"start":{"line":14,"column":2},"end":{"line":14,"column":null}},"2":{"start":{"line":20,"column":2},"end":{"line":23,"column":null}},"3":{"start":{"line":27,"column":2},"end":{"line":27,"column":null}}},"fnMap":{"0":{"name":"greet","decl":{"start":{"line":5,"column":16},"end":{"line":5,"column":null}},"loc":{"start":{"line":8,"column":10},"end":{"line":10,"column":null}}},"1":{"name":"defaultRetries","decl":{"start":{"line":13,"column":9},"end":{"line":13,"column":34}},"loc":{"start":{"line":13,"column":34},"end":{"line":15,"column":null}}},"2":{"name":"makeConfig","decl":{"start":{"line":17,"column":16},"end":{"line":17,"column":27}},"loc":{"start":{"line":19,"column":2},"end":{"line":24,"column":null}}},"3":{"name":"pluralize","decl":{"start":{"line":26,"column":16},"end":{"line":26,"column":26}},"loc":{"start":{"line":26,"column":49},"end":{"line":28,"column":null}}}},"branchMap":{"0":{"loc":{"start":{"line":7,"column":2},"end":{"line":7,"column":null}},"type":"default-arg","locations":[{"start":{"line":7,"column":61},"end":{"line":7,"column":null}}]},"1":{"loc":{"start":{"line":22,"column":6},"end":{"line":22,"column":null}},"type":"binary-expr","locations":[{"start":{"line":22,"column":6},"end":{"line":22,"column":76}},{"start":{"line":22,"column":76},"end":{"line":22,"column":null}}]},"2":{"loc":{"start":{"line":27,"column":25},"end":{"line":27,"column":null}},"type":"cond-expr","locations":[{"start":{"line":27,"column":39},"end":{"line":27,"column":83}},{"start":{"line":27,"column":83},"end":{"line":27,"column":null}}]}},"s":{"0":1,"1":0,"2":1,"3":1},"f":{"0":1,"1":0,"2":1,"3":1},"b":{"0":[0],"1":[1,0],"2":[1,0]}}
,"/home/jonahkagan/code/vxsuite/.claude/worktrees/coverage-flags/spikes/coverage-check-poc/corpus/fixtures/file_defer_unimported.ts": {"path":"/home/jonahkagan/code/vxsuite/.claude/worktrees/coverage-flags/spikes/coverage-check-poc/corpus/fixtures/file_defer_unimported.ts","statementMap":{"0":{"start":{"line":4,"column":25},"end":{"line":4,"column":null}},"1":{"start":{"line":5,"column":2},"end":{"line":7,"column":null}},"2":{"start":{"line":5,"column":15},"end":{"line":5,"column":18}},"3":{"start":{"line":6,"column":4},"end":{"line":6,"column":null}},"4":{"start":{"line":8,"column":2},"end":{"line":8,"column":null}}},"fnMap":{"0":{"name":"planRetries","decl":{"start":{"line":3,"column":16},"end":{"line":3,"column":28}},"loc":{"start":{"line":3,"column":54},"end":{"line":9,"column":null}}}},"branchMap":{},"s":{"0":0,"1":0,"2":0,"3":0,"4":0},"f":{"0":0},"b":{}}
,"/home/jonahkagan/code/vxsuite/.claude/worktrees/coverage-flags/spikes/coverage-check-poc/corpus/fixtures/file_exclude.ts": {"path":"/home/jonahkagan/code/vxsuite/.claude/worktrees/coverage-flags/spikes/coverage-check-poc/corpus/fixtures/file_exclude.ts","statementMap":{"0":{"start":{"line":4,"column":2},"end":{"line":4,"column":null}},"1":{"start":{"line":8,"column":2},"end":{"line":8,"column":null}}},"fnMap":{"0":{"name":"bootHardware","decl":{"start":{"line":3,"column":16},"end":{"line":3,"column":39}},"loc":{"start":{"line":3,"column":39},"end":{"line":5,"column":null}}},"1":{"name":"initDriver","decl":{"start":{"line":7,"column":9},"end":{"line":7,"column":20}},"loc":{"start":{"line":7,"column":42},"end":{"line":9,"column":null}}}},"branchMap":{},"s":{"0":0,"1":0},"f":{"0":0,"1":0},"b":{}}
,"/home/jonahkagan/code/vxsuite/.claude/worktrees/coverage-flags/spikes/coverage-check-poc/corpus/fixtures/fluent_chain.ts": {"path":"/home/jonahkagan/code/vxsuite/.claude/worktrees/coverage-flags/spikes/coverage-check-poc/corpus/fixtures/fluent_chain.ts","statementMap":{"0":{"start":{"line":6,"column":2},"end":{"line":9,"column":null}},"1":{"start":{"line":7,"column":16},"end":{"line":7,"column":21}},"2":{"start":{"line":8,"column":77},"end":{"line":8,"column":82}},"3":{"start":{"line":9,"column":16},"end":{"line":9,"column":21}}},"fnMap":{"0":{"name":"transformEmpty","decl":{"start":{"line":5,"column":16},"end":{"line":5,"column":31}},"loc":{"start":{"line":5,"column":58},"end":{"line":10,"column":null}}},"1":{"name":"(anonymous_1)","decl":{"start":{"line":7,"column":5},"end":{"line":7,"column":10}},"loc":{"start":{"line":7,"column":16},"end":{"line":7,"column":21}}},"2":{"name":"(anonymous_2)","decl":{"start":{"line":8,"column":71},"end":{"line":8,"column":77}},"loc":{"start":{"line":8,"column":77},"end":{"line":8,"column":82}}},"3":{"name":"(anonymous_3)","decl":{"start":{"line":9,"column":5},"end":{"line":9,"column":10}},"loc":{"start":{"line":9,"column":16},"end":{"line":9,"column":21}}}},"branchMap":{},"s":{"0":1,"1":0,"2":0,"3":0},"f":{"0":1,"1":0,"2":0,"3":0},"b":{}}
,"/home/jonahkagan/code/vxsuite/.claude/worktrees/coverage-flags/spikes/coverage-check-poc/corpus/fixtures/jsx_container.tsx": {"path":"/home/jonahkagan/code/vxsuite/.claude/worktrees/coverage-flags/spikes/coverage-check-poc/corpus/fixtures/jsx_container.tsx","statementMap":{"0":{"start":{"line":9,"column":2},"end":{"line":14,"column":null}}},"fnMap":{"0":{"name":"StatusPanel","decl":{"start":{"line":8,"column":16},"end":{"line":8,"column":28}},"loc":{"start":{"line":8,"column":62},"end":{"line":16,"column":null}}}},"branchMap":{"0":{"loc":{"start":{"line":12,"column":76},"end":{"line":13,"column":null}},"type":"binary-expr","locations":[{"start":{"line":12,"column":76},"end":{"line":13,"column":21}},{"start":{"line":13,"column":21},"end":{"line":13,"column":null}}]}},"s":{"0":1},"f":{"0":1},"b":{"0":[1,0]}}
,"/home/jonahkagan/code/vxsuite/.claude/worktrees/coverage-flags/spikes/coverage-check-poc/corpus/fixtures/never_helpers.ts": {"path":"/home/jonahkagan/code/vxsuite/.claude/worktrees/coverage-flags/spikes/coverage-check-poc/corpus/fixtures/never_helpers.ts","statementMap":{"0":{"start":{"line":5,"column":2},"end":{"line":5,"column":null}},"1":{"start":{"line":9,"column":2},"end":{"line":9,"column":null}}},"fnMap":{"0":{"name":"throwIllegalValue","decl":{"start":{"line":4,"column":16},"end":{"line":4,"column":34}},"loc":{"start":{"line":4,"column":55},"end":{"line":6,"column":null}}},"1":{"name":"identity","decl":{"start":{"line":8,"column":16},"end":{"line":8,"column":28}},"loc":{"start":{"line":8,"column":41},"end":{"line":10,"column":null}}}},"branchMap":{},"s":{"0":1,"1":1},"f":{"0":1,"1":1},"b":{}}
,"/home/jonahkagan/code/vxsuite/.claude/worktrees/coverage-flags/spikes/coverage-check-poc/corpus/fixtures/never_param.ts": {"path":"/home/jonahkagan/code/vxsuite/.claude/worktrees/coverage-flags/spikes/coverage-check-poc/corpus/fixtures/never_param.ts","statementMap":{"0":{"start":{"line":13,"column":2},"end":{"line":20,"column":null}},"1":{"start":{"line":15,"column":6},"end":{"line":15,"column":null}},"2":{"start":{"line":17,"column":6},"end":{"line":17,"column":null}},"3":{"start":{"line":19,"column":6},"end":{"line":19,"column":null}},"4":{"start":{"line":24,"column":2},"end":{"line":32,"column":null}},"5":{"start":{"line":26,"column":6},"end":{"line":26,"column":null}},"6":{"start":{"line":28,"column":6},"end":{"line":28,"column":null}},"7":{"start":{"line":30,"column":6},"end":{"line":30,"column":null}},"8":{"start":{"line":36,"column":2},"end":{"line":36,"column":null}},"9":{"start":{"line":40,"column":2},"end":{"line":42,"column":null}},"10":{"start":{"line":41,"column":4},"end":{"line":41,"column":null}},"11":{"start":{"line":43,"column":2},"end":{"line":43,"column":null}},"12":{"start":{"line":47,"column":2},"end":{"line":49,"column":null}},"13":{"start":{"line":48,"column":4},"end":{"line":48,"column":null}},"14":{"start":{"line":50,"column":2},"end":{"line":50,"column":null}}},"fnMap":{"0":{"name":"handle","decl":{"start":{"line":12,"column":16},"end":{"line":12,"column":23}},"loc":{"start":{"line":12,"column":43},"end":{"line":21,"column":null}}},"1":{"name":"handleBlock","decl":{"start":{"line":23,"column":16},"end":{"line":23,"column":28}},"loc":{"start":{"line":23,"column":48},"end":{"line":33,"column":null}}},"2":{"name":"throwIllegalValue","decl":{"start":{"line":35,"column":9},"end":{"line":35,"column":27}},"loc":{"start":{"line":35,"column":49},"end":{"line":37,"column":null}}},"3":{"name":"notExcused","decl":{"start":{"line":39,"column":16},"end":{"line":39,"column":27}},"loc":{"start":{"line":39,"column":46},"end":{"line":44,"column":null}}},"4":{"name":"genericNotExcused","decl":{"start":{"line":46,"column":16},"end":{"line":46,"column":34}},"loc":{"start":{"line":46,"column":53},"end":{"line":51,"column":null}}}},"branchMap":{"0":{"loc":{"start":{"line":13,"column":2},"end":{"line":20,"column":null}},"type":"switch","locations":[{"start":{"line":14,"column":4},"end":{"line":15,"column":null}},{"start":{"line":16,"column":4},"end":{"line":17,"column":null}},{"start":{"line":18,"column":4},"end":{"line":19,"column":null}}]},"1":{"loc":{"start":{"line":24,"column":2},"end":{"line":32,"column":null}},"type":"switch","locations":[{"start":{"line":25,"column":4},"end":{"line":26,"column":null}},{"start":{"line":27,"column":4},"end":{"line":28,"column":null}},{"start":{"line":29,"column":4},"end":{"line":31,"column":null}}]},"2":{"loc":{"start":{"line":40,"column":2},"end":{"line":42,"column":null}},"type":"if","locations":[{"start":{"line":40,"column":2},"end":{"line":42,"column":null}},{"start":{},"end":{}}]},"3":{"loc":{"start":{"line":47,"column":2},"end":{"line":49,"column":null}},"type":"if","locations":[{"start":{"line":47,"column":2},"end":{"line":49,"column":null}},{"start":{},"end":{}}]}},"s":{"0":2,"1":1,"2":1,"3":0,"4":2,"5":1,"6":1,"7":0,"8":0,"9":1,"10":1,"11":0,"12":1,"13":1,"14":0},"f":{"0":2,"1":2,"2":0,"3":1,"4":1},"b":{"0":[1,1,0],"1":[1,1,0],"2":[1,0],"3":[1,0]}}
,"/home/jonahkagan/code/vxsuite/.claude/worktrees/coverage-flags/spikes/coverage-check-poc/corpus/fixtures/orphans.ts": {"path":"/home/jonahkagan/code/vxsuite/.claude/worktrees/coverage-flags/spikes/coverage-check-poc/corpus/fixtures/orphans.ts","statementMap":{"0":{"start":{"line":7,"column":16},"end":{"line":7,"column":null}},"1":{"start":{"line":8,"column":2},"end":{"line":8,"column":null}},"2":{"start":{"line":14,"column":2},"end":{"line":18,"column":null}},"3":{"start":{"line":15,"column":4},"end":{"line":15,"column":null}},"4":{"start":{"line":17,"column":4},"end":{"line":17,"column":null}}},"fnMap":{"0":{"name":"beforeReturn","decl":{"start":{"line":6,"column":16},"end":{"line":6,"column":39}},"loc":{"start":{"line":6,"column":39},"end":{"line":10,"column":null}}},"1":{"name":"elseMisuse","decl":{"start":{"line":12,"column":16},"end":{"line":12,"column":27}},"loc":{"start":{"line":12,"column":50},"end":{"line":19,"column":null}}}},"branchMap":{"0":{"loc":{"start":{"line":14,"column":2},"end":{"line":18,"column":null}},"type":"if","locations":[{"start":{"line":14,"column":2},"end":{"line":18,"column":null}},{"start":{"line":16,"column":9},"end":{"line":18,"column":null}}]}},"s":{"0":1,"1":1,"2":2,"3":1,"4":1},"f":{"0":1,"1":2},"b":{"0":[1,1]}}
,"/home/jonahkagan/code/vxsuite/.claude/worktrees/coverage-flags/spikes/coverage-check-poc/corpus/fixtures/statement_form.ts": {"path":"/home/jonahkagan/code/vxsuite/.claude/worktrees/coverage-flags/spikes/coverage-check-poc/corpus/fixtures/statement_form.ts","statementMap":{"0":{"start":{"line":9,"column":2},"end":{"line":11,"column":null}},"1":{"start":{"line":10,"column":4},"end":{"line":10,"column":null}},"2":{"start":{"line":13,"column":18},"end":{"line":13,"column":null}},"3":{"start":{"line":15,"column":2},"end":{"line":15,"column":null}},"4":{"start":{"line":19,"column":2},"end":{"line":21,"column":null}},"5":{"start":{"line":20,"column":4},"end":{"line":20,"column":null}},"6":{"start":{"line":22,"column":2},"end":{"line":22,"column":null}},"7":{"start":{"line":27,"column":2},"end":{"line":27,"column":null}},"8":{"start":{"line":31,"column":2},"end":{"line":33,"column":null}},"9":{"start":{"line":32,"column":4},"end":{"line":32,"column":null}},"10":{"start":{"line":35,"column":2},"end":{"line":35,"column":null}},"11":{"start":{"line":39,"column":2},"end":{"line":41,"column":null}},"12":{"start":{"line":40,"column":4},"end":{"line":40,"column":null}},"13":{"start":{"line":43,"column":2},"end":{"line":43,"column":null}}},"fnMap":{"0":{"name":"positiveOnly","decl":{"start":{"line":8,"column":16},"end":{"line":8,"column":29}},"loc":{"start":{"line":8,"column":48},"end":{"line":16,"column":null}}},"1":{"name":"unflaggedDebt","decl":{"start":{"line":18,"column":16},"end":{"line":18,"column":30}},"loc":{"start":{"line":18,"column":49},"end":{"line":23,"column":null}}},"2":{"name":"staleFlag","decl":{"start":{"line":25,"column":16},"end":{"line":25,"column":26}},"loc":{"start":{"line":25,"column":45},"end":{"line":28,"column":null}}},"3":{"name":"unknownLabel","decl":{"start":{"line":30,"column":16},"end":{"line":30,"column":29}},"loc":{"start":{"line":30,"column":48},"end":{"line":36,"column":null}}},"4":{"name":"proseMention","decl":{"start":{"line":38,"column":16},"end":{"line":38,"column":29}},"loc":{"start":{"line":38,"column":48},"end":{"line":44,"column":null}}}},"branchMap":{"0":{"loc":{"start":{"line":9,"column":2},"end":{"line":11,"column":null}},"type":"if","locations":[{"start":{"line":9,"column":2},"end":{"line":11,"column":null}},{"start":{},"end":{}}]},"1":{"loc":{"start":{"line":19,"column":2},"end":{"line":21,"column":null}},"type":"if","locations":[{"start":{"line":19,"column":2},"end":{"line":21,"column":null}},{"start":{},"end":{}}]},"2":{"loc":{"start":{"line":31,"column":2},"end":{"line":33,"column":null}},"type":"if","locations":[{"start":{"line":31,"column":2},"end":{"line":33,"column":null}},{"start":{},"end":{}}]},"3":{"loc":{"start":{"line":39,"column":2},"end":{"line":41,"column":null}},"type":"if","locations":[{"start":{"line":39,"column":2},"end":{"line":41,"column":null}},{"start":{},"end":{}}]}},"s":{"0":1,"1":1,"2":0,"3":0,"4":1,"5":1,"6":0,"7":1,"8":1,"9":1,"10":0,"11":1,"12":1,"13":0},"f":{"0":1,"1":1,"2":1,"3":1,"4":1},"b":{"0":[1,0],"1":[1,0],"2":[1,0],"3":[1,0]}}
,"/home/jonahkagan/code/vxsuite/.claude/worktrees/coverage-flags/spikes/coverage-check-poc/corpus/fixtures/styled_interpolation.ts": {"path":"/home/jonahkagan/code/vxsuite/.claude/worktrees/coverage-flags/spikes/coverage-check-poc/corpus/fixtures/styled_interpolation.ts","statementMap":{"0":{"start":{"line":9,"column":27},"end":{"line":15,"column":null}},"1":{"start":{"line":11,"column":4},"end":{"line":11,"column":90}},"2":{"start":{"line":14,"column":16},"end":{"line":14,"column":null}},"3":{"start":{"line":19,"column":2},"end":{"line":19,"column":null}}},"fnMap":{"0":{"name":"(anonymous_0)","decl":{"start":{"line":10,"column":14},"end":{"line":10,"column":null}},"loc":{"start":{"line":11,"column":4},"end":{"line":11,"column":90}}},"1":{"name":"(anonymous_1)","decl":{"start":{"line":14,"column":5},"end":{"line":14,"column":16}},"loc":{"start":{"line":14,"column":16},"end":{"line":14,"column":null}}},"2":{"name":"renderButton","decl":{"start":{"line":18,"column":16},"end":{"line":18,"column":29}},"loc":{"start":{"line":18,"column":56},"end":{"line":20,"column":null}}}},"branchMap":{"0":{"loc":{"start":{"line":11,"column":4},"end":{"line":11,"column":90}},"type":"cond-expr","locations":[{"start":{"line":11,"column":76},"end":{"line":11,"column":84}},{"start":{"line":11,"column":84},"end":{"line":11,"column":90}}]},"1":{"loc":{"start":{"line":14,"column":16},"end":{"line":14,"column":null}},"type":"cond-expr","locations":[{"start":{"line":14,"column":32},"end":{"line":14,"column":38}},{"start":{"line":14,"column":38},"end":{"line":14,"column":null}}]}},"s":{"0":1,"1":1,"2":0,"3":1},"f":{"0":1,"1":0,"2":1},"b":{"0":[0,1],"1":[0,0]}}
,"/home/jonahkagan/code/vxsuite/.claude/worktrees/coverage-flags/spikes/coverage-check-poc/corpus/fixtures/switch_cases.ts": {"path":"/home/jonahkagan/code/vxsuite/.claude/worktrees/coverage-flags/spikes/coverage-check-poc/corpus/fixtures/switch_cases.ts","statementMap":{"0":{"start":{"line":7,"column":2},"end":{"line":15,"column":null}},"1":{"start":{"line":9,"column":6},"end":{"line":9,"column":null}},"2":{"start":{"line":12,"column":6},"end":{"line":12,"column":null}},"3":{"start":{"line":14,"column":6},"end":{"line":14,"column":null}}},"fnMap":{"0":{"name":"describeMode","decl":{"start":{"line":6,"column":16},"end":{"line":6,"column":29}},"loc":{"start":{"line":6,"column":49},"end":{"line":16,"column":null}}}},"branchMap":{"0":{"loc":{"start":{"line":7,"column":2},"end":{"line":15,"column":null}},"type":"switch","locations":[{"start":{"line":8,"column":4},"end":{"line":9,"column":null}},{"start":{"line":11,"column":4},"end":{"line":12,"column":null}},{"start":{"line":13,"column":4},"end":{"line":14,"column":null}}]}},"s":{"0":2,"1":1,"2":0,"3":1},"f":{"0":2},"b":{"0":[1,0,1]}}
,"/home/jonahkagan/code/vxsuite/.claude/worktrees/coverage-flags/spikes/coverage-check-poc/corpus/fixtures/terminating_then.ts": {"path":"/home/jonahkagan/code/vxsuite/.claude/worktrees/coverage-flags/spikes/coverage-check-poc/corpus/fixtures/terminating_then.ts","statementMap":{"0":{"start":{"line":7,"column":12},"end":{"line":7,"column":null}},"1":{"start":{"line":8,"column":2},"end":{"line":14,"column":null}},"2":{"start":{"line":9,"column":4},"end":{"line":11,"column":null}},"3":{"start":{"line":10,"column":6},"end":{"line":10,"column":null}},"4":{"start":{"line":13,"column":4},"end":{"line":13,"column":null}},"5":{"start":{"line":15,"column":2},"end":{"line":15,"column":null}},"6":{"start":{"line":19,"column":2},"end":{"line":21,"column":null}},"7":{"start":{"line":20,"column":4},"end":{"line":20,"column":null}},"8":{"start":{"line":23,"column":2},"end":{"line":23,"column":null}}},"fnMap":{"0":{"name":"sumNonNegative","decl":{"start":{"line":6,"column":16},"end":{"line":6,"column":31}},"loc":{"start":{"line":6,"column":56},"end":{"line":16,"column":null}}},"1":{"name":"requirePositive","decl":{"start":{"line":18,"column":16},"end":{"line":18,"column":32}},"loc":{"start":{"line":18,"column":51},"end":{"line":24,"column":null}}}},"branchMap":{"0":{"loc":{"start":{"line":9,"column":4},"end":{"line":11,"column":null}},"type":"if","locations":[{"start":{"line":9,"column":4},"end":{"line":11,"column":null}},{"start":{},"end":{}}]},"1":{"loc":{"start":{"line":19,"column":2},"end":{"line":21,"column":null}},"type":"if","locations":[{"start":{"line":19,"column":2},"end":{"line":21,"column":null}},{"start":{},"end":{}}]}},"s":{"0":1,"1":1,"2":2,"3":2,"4":0,"5":1,"6":1,"7":1,"8":0},"f":{"0":1,"1":1},"b":{"0":[2,0],"1":[1,0]}}
,"/home/jonahkagan/code/vxsuite/.claude/worktrees/coverage-flags/spikes/coverage-check-poc/corpus/fixtures/ternary_logical.ts": {"path":"/home/jonahkagan/code/vxsuite/.claude/worktrees/coverage-flags/spikes/coverage-check-poc/corpus/fixtures/ternary_logical.ts","statementMap":{"0":{"start":{"line":8,"column":2},"end":{"line":8,"column":null}},"1":{"start":{"line":12,"column":2},"end":{"line":12,"column":null}},"2":{"start":{"line":16,"column":2},"end":{"line":19,"column":null}},"3":{"start":{"line":25,"column":2},"end":{"line":25,"column":null}},"4":{"start":{"line":29,"column":2},"end":{"line":31,"column":null}}},"fnMap":{"0":{"name":"ternaryInline","decl":{"start":{"line":7,"column":16},"end":{"line":7,"column":30}},"loc":{"start":{"line":7,"column":53},"end":{"line":9,"column":null}}},"1":{"name":"nullishInline","decl":{"start":{"line":11,"column":16},"end":{"line":11,"column":30}},"loc":{"start":{"line":11,"column":65},"end":{"line":13,"column":null}}},"2":{"name":"nullishOwnLine","decl":{"start":{"line":15,"column":16},"end":{"line":15,"column":31}},"loc":{"start":{"line":15,"column":66},"end":{"line":21,"column":null}}},"3":{"name":"buildFallback","decl":{"start":{"line":24,"column":9},"end":{"line":24,"column":33}},"loc":{"start":{"line":24,"column":33},"end":{"line":26,"column":null}}},"4":{"name":"andGuard","decl":{"start":{"line":28,"column":16},"end":{"line":28,"column":25}},"loc":{"start":{"line":28,"column":56},"end":{"line":32,"column":null}}}},"branchMap":{"0":{"loc":{"start":{"line":8,"column":9},"end":{"line":8,"column":null}},"type":"cond-expr","locations":[{"start":{"line":8,"column":16},"end":{"line":8,"column":78}},{"start":{"line":8,"column":78},"end":{"line":8,"column":null}}]},"1":{"loc":{"start":{"line":12,"column":9},"end":{"line":12,"column":null}},"type":"binary-expr","locations":[{"start":{"line":12,"column":9},"end":{"line":12,"column":40}},{"start":{"line":12,"column":40},"end":{"line":12,"column":null}}]},"2":{"loc":{"start":{"line":17,"column":4},"end":{"line":19,"column":null}},"type":"binary-expr","locations":[{"start":{"line":17,"column":4},"end":{"line":17,"column":null}},{"start":{"line":19,"column":4},"end":{"line":19,"column":null}}]},"3":{"loc":{"start":{"line":29,"column":9},"end":{"line":31,"column":null}},"type":"cond-expr","locations":[{"start":{"line":30,"column":28},"end":{"line":30,"column":null}},{"start":{"line":31,"column":6},"end":{"line":31,"column":null}}]},"4":{"loc":{"start":{"line":29,"column":9},"end":{"line":29,"column":null}},"type":"binary-expr","locations":[{"start":{"line":29,"column":9},"end":{"line":29,"column":52}},{"start":{"line":29,"column":52},"end":{"line":29,"column":null}}]}},"s":{"0":1,"1":1,"2":1,"3":0,"4":1},"f":{"0":1,"1":1,"2":1,"3":0,"4":1},"b":{"0":[1,0],"1":[1,0],"2":[1,0],"3":[0,1],"4":[1,0]}}
}
